2020-03-16 21:12:30.828  INFO 5312 --- [restartedMain] com.lyj.blog.BlogApplication             : Starting BlogApplication on DESKTOP-ES8TTIK with PID 5312 (D:\factory-works\factory-workspace\springboot-lingxiblog\target\classes started by 96971 in D:\factory-works\factory-workspace\springboot-lingxiblog)
2020-03-16 21:12:30.843 DEBUG 5312 --- [restartedMain] com.lyj.blog.BlogApplication             : Running with Spring Boot v2.2.5.RELEASE, Spring v5.2.4.RELEASE
2020-03-16 21:12:30.844  INFO 5312 --- [restartedMain] com.lyj.blog.BlogApplication             : The following profiles are active: dev
2020-03-16 21:12:30.965  INFO 5312 --- [restartedMain] o.s.b.devtools.restart.ChangeableUrls    : The Class-Path manifest attribute in D:\reposi\org\glassfish\jaxb\jaxb-runtime\2.3.2\jaxb-runtime-2.3.2.jar referenced one or more files that do not exist: file:/D:/reposi/org/glassfish/jaxb/jaxb-runtime/2.3.2/jakarta.xml.bind-api-2.3.2.jar,file:/D:/reposi/org/glassfish/jaxb/jaxb-runtime/2.3.2/txw2-2.3.2.jar,file:/D:/reposi/org/glassfish/jaxb/jaxb-runtime/2.3.2/istack-commons-runtime-3.0.8.jar,file:/D:/reposi/org/glassfish/jaxb/jaxb-runtime/2.3.2/stax-ex-1.8.1.jar,file:/D:/reposi/org/glassfish/jaxb/jaxb-runtime/2.3.2/FastInfoset-1.2.16.jar,file:/D:/reposi/org/glassfish/jaxb/jaxb-runtime/2.3.2/jakarta.activation-api-1.2.1.jar
2020-03-16 21:12:30.966  INFO 5312 --- [restartedMain] .e.DevToolsPropertyDefaultsPostProcessor : Devtools property defaults active! Set 'spring.devtools.add-properties' to 'false' to disable
2020-03-16 21:12:30.966  INFO 5312 --- [restartedMain] .e.DevToolsPropertyDefaultsPostProcessor : For additional web related logging consider setting the 'logging.level.web' property to 'DEBUG'
2020-03-16 21:12:32.601  INFO 5312 --- [restartedMain] .s.d.r.c.RepositoryConfigurationDelegate : Bootstrapping Spring Data JPA repositories in DEFAULT mode.
2020-03-16 21:12:32.635  INFO 5312 --- [restartedMain] .s.d.r.c.RepositoryConfigurationDelegate : Finished Spring Data repository scanning in 15ms. Found 0 JPA repository interfaces.
2020-03-16 21:12:32.897  WARN 5312 --- [restartedMain] o.m.s.mapper.ClassPathMapperScanner      : No MyBatis mapper was found in '[com.lyj.blog]' package. Please check your configuration.
2020-03-16 21:12:34.051  INFO 5312 --- [restartedMain] o.s.b.w.embedded.tomcat.TomcatWebServer  : Tomcat initialized with port(s): 8080 (http)
2020-03-16 21:12:34.070  INFO 5312 --- [restartedMain] o.apache.catalina.core.StandardService   : Starting service [Tomcat]
2020-03-16 21:12:34.071  INFO 5312 --- [restartedMain] org.apache.catalina.core.StandardEngine  : Starting Servlet engine: [Apache Tomcat/9.0.31]
2020-03-16 21:12:34.376  INFO 5312 --- [restartedMain] o.a.c.c.C.[Tomcat].[localhost].[/]       : Initializing Spring embedded WebApplicationContext
2020-03-16 21:12:34.376  INFO 5312 --- [restartedMain] o.s.web.context.ContextLoader            : Root WebApplicationContext: initialization completed in 3409 ms
2020-03-16 21:12:34.658  INFO 5312 --- [restartedMain] o.hibernate.jpa.internal.util.LogHelper  : HHH000204: Processing PersistenceUnitInfo [name: default]
2020-03-16 21:12:34.842  INFO 5312 --- [restartedMain] org.hibernate.Version                    : HHH000412: Hibernate ORM core version 5.4.12.Final
2020-03-16 21:12:35.239  INFO 5312 --- [restartedMain] o.hibernate.annotations.common.Version   : HCANN000001: Hibernate Commons Annotations {5.1.0.Final}
2020-03-16 21:12:35.529  INFO 5312 --- [restartedMain] com.zaxxer.hikari.HikariDataSource       : HikariPool-1 - Starting...
2020-03-16 21:12:35.932  INFO 5312 --- [restartedMain] com.zaxxer.hikari.HikariDataSource       : HikariPool-1 - Start completed.
2020-03-16 21:12:35.960  INFO 5312 --- [restartedMain] org.hibernate.dialect.Dialect            : HHH000400: Using dialect: org.hibernate.dialect.MySQL57Dialect
2020-03-16 21:12:36.414  INFO 5312 --- [restartedMain] o.h.e.t.j.p.i.JtaPlatformInitiator       : HHH000490: Using JtaPlatform implementation: [org.hibernate.engine.transaction.jta.platform.internal.NoJtaPlatform]
2020-03-16 21:12:36.442  INFO 5312 --- [restartedMain] j.LocalContainerEntityManagerFactoryBean : Initialized JPA EntityManagerFactory for persistence unit 'default'
2020-03-16 21:12:36.466  INFO 5312 --- [restartedMain] o.s.b.d.a.OptionalLiveReloadServer       : LiveReload server is running on port 35729
2020-03-16 21:12:36.590  WARN 5312 --- [restartedMain] JpaBaseConfiguration$JpaWebConfiguration : spring.jpa.open-in-view is enabled by default. Therefore, database queries may be performed during view rendering. Explicitly configure spring.jpa.open-in-view to disable this warning
2020-03-16 21:12:36.842  INFO 5312 --- [restartedMain] o.s.s.concurrent.ThreadPoolTaskExecutor  : Initializing ExecutorService 'applicationTaskExecutor'
2020-03-16 21:12:37.092  WARN 5312 --- [restartedMain] ion$DefaultTemplateResolverConfiguration : Cannot find template location: classpath:/templates/ (please add some templates or check your Thymeleaf configuration)
2020-03-16 21:12:37.421  INFO 5312 --- [restartedMain] o.s.b.w.embedded.tomcat.TomcatWebServer  : Tomcat started on port(s): 8080 (http) with context path ''
2020-03-16 21:12:37.426  INFO 5312 --- [restartedMain] com.lyj.blog.BlogApplication             : Started BlogApplication in 7.598 seconds (JVM running for 19.455)
2020-03-16 21:15:08.826  INFO 19540 --- [restartedMain] com.lyj.blog.BlogApplication             : Starting BlogApplication on DESKTOP-ES8TTIK with PID 19540 (D:\factory-works\factory-workspace\springboot-lingxiblog\target\classes started by 96971 in D:\factory-works\factory-workspace\springboot-lingxiblog)
2020-03-16 21:15:08.833  INFO 19540 --- [restartedMain] com.lyj.blog.BlogApplication             : The following profiles are active: prod
2020-03-16 21:15:10.824  WARN 19540 --- [restartedMain] o.m.s.mapper.ClassPathMapperScanner      : No MyBatis mapper was found in '[com.lyj.blog]' package. Please check your configuration.
2020-03-16 21:15:15.269  WARN 19540 --- [restartedMain] JpaBaseConfiguration$JpaWebConfiguration : spring.jpa.open-in-view is enabled by default. Therefore, database queries may be performed during view rendering. Explicitly configure spring.jpa.open-in-view to disable this warning
2020-03-16 21:15:15.795  WARN 19540 --- [restartedMain] ion$DefaultTemplateResolverConfiguration : Cannot find template location: classpath:/templates/ (please add some templates or check your Thymeleaf configuration)
2020-03-16 21:15:16.243  INFO 19540 --- [restartedMain] com.lyj.blog.BlogApplication             : Started BlogApplication in 8.568 seconds (JVM running for 23.464)
2020-03-16 21:26:52.159  INFO 4088 --- [restartedMain] com.lyj.blog.BlogApplication             : Starting BlogApplication on DESKTOP-ES8TTIK with PID 4088 (D:\factory-works\factory-workspace\springboot-lingxiblog\target\classes started by 96971 in D:\factory-works\factory-workspace\springboot-lingxiblog)
2020-03-16 21:26:52.168 DEBUG 4088 --- [restartedMain] com.lyj.blog.BlogApplication             : Running with Spring Boot v2.2.5.RELEASE, Spring v5.2.4.RELEASE
2020-03-16 21:26:52.169  INFO 4088 --- [restartedMain] com.lyj.blog.BlogApplication             : The following profiles are active: dev
2020-03-16 21:26:52.280  INFO 4088 --- [restartedMain] o.s.b.devtools.restart.ChangeableUrls    : The Class-Path manifest attribute in D:\reposi\org\glassfish\jaxb\jaxb-runtime\2.3.2\jaxb-runtime-2.3.2.jar referenced one or more files that do not exist: file:/D:/reposi/org/glassfish/jaxb/jaxb-runtime/2.3.2/jakarta.xml.bind-api-2.3.2.jar,file:/D:/reposi/org/glassfish/jaxb/jaxb-runtime/2.3.2/txw2-2.3.2.jar,file:/D:/reposi/org/glassfish/jaxb/jaxb-runtime/2.3.2/istack-commons-runtime-3.0.8.jar,file:/D:/reposi/org/glassfish/jaxb/jaxb-runtime/2.3.2/stax-ex-1.8.1.jar,file:/D:/reposi/org/glassfish/jaxb/jaxb-runtime/2.3.2/FastInfoset-1.2.16.jar,file:/D:/reposi/org/glassfish/jaxb/jaxb-runtime/2.3.2/jakarta.activation-api-1.2.1.jar
2020-03-16 21:26:52.280  INFO 4088 --- [restartedMain] .e.DevToolsPropertyDefaultsPostProcessor : Devtools property defaults active! Set 'spring.devtools.add-properties' to 'false' to disable
2020-03-16 21:26:52.281  INFO 4088 --- [restartedMain] .e.DevToolsPropertyDefaultsPostProcessor : For additional web related logging consider setting the 'logging.level.web' property to 'DEBUG'
2020-03-16 21:26:53.423  INFO 4088 --- [restartedMain] .s.d.r.c.RepositoryConfigurationDelegate : Bootstrapping Spring Data JPA repositories in DEFAULT mode.
2020-03-16 21:26:53.441  INFO 4088 --- [restartedMain] .s.d.r.c.RepositoryConfigurationDelegate : Finished Spring Data repository scanning in 7ms. Found 0 JPA repository interfaces.
2020-03-16 21:26:53.712  WARN 4088 --- [restartedMain] o.m.s.mapper.ClassPathMapperScanner      : No MyBatis mapper was found in '[com.lyj.blog]' package. Please check your configuration.
2020-03-16 21:26:54.384  INFO 4088 --- [restartedMain] o.s.b.w.embedded.tomcat.TomcatWebServer  : Tomcat initialized with port(s): 8080 (http)
2020-03-16 21:26:54.400  INFO 4088 --- [restartedMain] o.apache.catalina.core.StandardService   : Starting service [Tomcat]
2020-03-16 21:26:54.400  INFO 4088 --- [restartedMain] org.apache.catalina.core.StandardEngine  : Starting Servlet engine: [Apache Tomcat/9.0.31]
2020-03-16 21:26:54.629  INFO 4088 --- [restartedMain] o.a.c.c.C.[Tomcat].[localhost].[/]       : Initializing Spring embedded WebApplicationContext
2020-03-16 21:26:54.629  INFO 4088 --- [restartedMain] o.s.web.context.ContextLoader            : Root WebApplicationContext: initialization completed in 2348 ms
2020-03-16 21:26:54.935  INFO 4088 --- [restartedMain] o.hibernate.jpa.internal.util.LogHelper  : HHH000204: Processing PersistenceUnitInfo [name: default]
2020-03-16 21:26:55.112  INFO 4088 --- [restartedMain] org.hibernate.Version                    : HHH000412: Hibernate ORM core version 5.4.12.Final
2020-03-16 21:26:55.281  INFO 4088 --- [restartedMain] o.hibernate.annotations.common.Version   : HCANN000001: Hibernate Commons Annotations {5.1.0.Final}
2020-03-16 21:26:55.395  INFO 4088 --- [restartedMain] com.zaxxer.hikari.HikariDataSource       : HikariPool-1 - Starting...
2020-03-16 21:26:55.881  INFO 4088 --- [restartedMain] com.zaxxer.hikari.HikariDataSource       : HikariPool-1 - Start completed.
2020-03-16 21:26:55.914  INFO 4088 --- [restartedMain] org.hibernate.dialect.Dialect            : HHH000400: Using dialect: org.hibernate.dialect.MySQL57Dialect
2020-03-16 21:26:56.281  INFO 4088 --- [restartedMain] o.h.e.t.j.p.i.JtaPlatformInitiator       : HHH000490: Using JtaPlatform implementation: [org.hibernate.engine.transaction.jta.platform.internal.NoJtaPlatform]
2020-03-16 21:26:56.293  INFO 4088 --- [restartedMain] j.LocalContainerEntityManagerFactoryBean : Initialized JPA EntityManagerFactory for persistence unit 'default'
2020-03-16 21:26:56.317  INFO 4088 --- [restartedMain] o.s.b.d.a.OptionalLiveReloadServer       : LiveReload server is running on port 35729
2020-03-16 21:26:56.380  WARN 4088 --- [restartedMain] JpaBaseConfiguration$JpaWebConfiguration : spring.jpa.open-in-view is enabled by default. Therefore, database queries may be performed during view rendering. Explicitly configure spring.jpa.open-in-view to disable this warning
2020-03-16 21:26:56.551  INFO 4088 --- [restartedMain] o.s.s.concurrent.ThreadPoolTaskExecutor  : Initializing ExecutorService 'applicationTaskExecutor'
2020-03-16 21:26:56.701  WARN 4088 --- [restartedMain] ion$DefaultTemplateResolverConfiguration : Cannot find template location: classpath:/templates/ (please add some templates or check your Thymeleaf configuration)
2020-03-16 21:26:56.929  INFO 4088 --- [restartedMain] o.s.b.w.embedded.tomcat.TomcatWebServer  : Tomcat started on port(s): 8080 (http) with context path ''
2020-03-16 21:26:56.932  INFO 4088 --- [restartedMain] com.lyj.blog.BlogApplication             : Started BlogApplication in 6.196 seconds (JVM running for 14.114)
2020-03-16 21:48:45.656 ERROR 21412 --- [restartedMain] o.s.boot.SpringApplication               : Application run failed

java.lang.IllegalStateException: Logback configuration error detected: 
ERROR in ch.qos.logback.core.joran.action.AppenderRefAction - Could not find an appender named [STDOUT]. Did you define it below instead of above in the configuration file?
ERROR in ch.qos.logback.core.joran.action.AppenderRefAction - See http://logback.qos.ch/codes.html#appender_order for more details.
	at org.springframework.boot.logging.logback.LogbackLoggingSystem.loadConfiguration(LogbackLoggingSystem.java:169)
	at org.springframework.boot.logging.AbstractLoggingSystem.initializeWithConventions(AbstractLoggingSystem.java:80)
	at org.springframework.boot.logging.AbstractLoggingSystem.initialize(AbstractLoggingSystem.java:60)
	at org.springframework.boot.logging.logback.LogbackLoggingSystem.initialize(LogbackLoggingSystem.java:118)
	at org.springframework.boot.context.logging.LoggingApplicationListener.initializeSystem(LoggingApplicationListener.java:313)
	at org.springframework.boot.context.logging.LoggingApplicationListener.initialize(LoggingApplicationListener.java:288)
	at org.springframework.boot.context.logging.LoggingApplicationListener.onApplicationEnvironmentPreparedEvent(LoggingApplicationListener.java:246)
	at org.springframework.boot.context.logging.LoggingApplicationListener.onApplicationEvent(LoggingApplicationListener.java:223)
	at org.springframework.context.event.SimpleApplicationEventMulticaster.doInvokeListener(SimpleApplicationEventMulticaster.java:172)
	at org.springframework.context.event.SimpleApplicationEventMulticaster.invokeListener(SimpleApplicationEventMulticaster.java:165)
	at org.springframework.context.event.SimpleApplicationEventMulticaster.multicastEvent(SimpleApplicationEventMulticaster.java:139)
	at org.springframework.context.event.SimpleApplicationEventMulticaster.multicastEvent(SimpleApplicationEventMulticaster.java:127)
	at org.springframework.boot.context.event.EventPublishingRunListener.environmentPrepared(EventPublishingRunListener.java:76)
	at org.springframework.boot.SpringApplicationRunListeners.environmentPrepared(SpringApplicationRunListeners.java:53)
	at org.springframework.boot.SpringApplication.prepareEnvironment(SpringApplication.java:345)
	at org.springframework.boot.SpringApplication.run(SpringApplication.java:308)
	at org.springframework.boot.SpringApplication.run(SpringApplication.java:1226)
	at org.springframework.boot.SpringApplication.run(SpringApplication.java:1215)
	at com.lyj.blog.BlogApplication.main(BlogApplication.java:10)
	at sun.reflect.NativeMethodAccessorImpl.invoke0(Native Method)
	at sun.reflect.NativeMethodAccessorImpl.invoke(NativeMethodAccessorImpl.java:62)
	at sun.reflect.DelegatingMethodAccessorImpl.invoke(DelegatingMethodAccessorImpl.java:43)
	at java.lang.reflect.Method.invoke(Method.java:498)
	at org.springframework.boot.devtools.restart.RestartLauncher.run(RestartLauncher.java:49)

2020-03-16 21:49:16.759 ERROR 23888 --- [restartedMain] o.s.boot.SpringApplication               : Application run failed

java.lang.IllegalStateException: Logback configuration error detected: 
ERROR in ch.qos.logback.core.joran.action.AppenderRefAction - Could not find an appender named [STDOUT]. Did you define it below instead of above in the configuration file?
ERROR in ch.qos.logback.core.joran.action.AppenderRefAction - See http://logback.qos.ch/codes.html#appender_order for more details.
	at org.springframework.boot.logging.logback.LogbackLoggingSystem.loadConfiguration(LogbackLoggingSystem.java:169)
	at org.springframework.boot.logging.AbstractLoggingSystem.initializeWithConventions(AbstractLoggingSystem.java:80)
	at org.springframework.boot.logging.AbstractLoggingSystem.initialize(AbstractLoggingSystem.java:60)
	at org.springframework.boot.logging.logback.LogbackLoggingSystem.initialize(LogbackLoggingSystem.java:118)
	at org.springframework.boot.context.logging.LoggingApplicationListener.initializeSystem(LoggingApplicationListener.java:313)
	at org.springframework.boot.context.logging.LoggingApplicationListener.initialize(LoggingApplicationListener.java:288)
	at org.springframework.boot.context.logging.LoggingApplicationListener.onApplicationEnvironmentPreparedEvent(LoggingApplicationListener.java:246)
	at org.springframework.boot.context.logging.LoggingApplicationListener.onApplicationEvent(LoggingApplicationListener.java:223)
	at org.springframework.context.event.SimpleApplicationEventMulticaster.doInvokeListener(SimpleApplicationEventMulticaster.java:172)
	at org.springframework.context.event.SimpleApplicationEventMulticaster.invokeListener(SimpleApplicationEventMulticaster.java:165)
	at org.springframework.context.event.SimpleApplicationEventMulticaster.multicastEvent(SimpleApplicationEventMulticaster.java:139)
	at org.springframework.context.event.SimpleApplicationEventMulticaster.multicastEvent(SimpleApplicationEventMulticaster.java:127)
	at org.springframework.boot.context.event.EventPublishingRunListener.environmentPrepared(EventPublishingRunListener.java:76)
	at org.springframework.boot.SpringApplicationRunListeners.environmentPrepared(SpringApplicationRunListeners.java:53)
	at org.springframework.boot.SpringApplication.prepareEnvironment(SpringApplication.java:345)
	at org.springframework.boot.SpringApplication.run(SpringApplication.java:308)
	at org.springframework.boot.SpringApplication.run(SpringApplication.java:1226)
	at org.springframework.boot.SpringApplication.run(SpringApplication.java:1215)
	at com.lyj.blog.BlogApplication.main(BlogApplication.java:10)
	at sun.reflect.NativeMethodAccessorImpl.invoke0(Native Method)
	at sun.reflect.NativeMethodAccessorImpl.invoke(NativeMethodAccessorImpl.java:62)
	at sun.reflect.DelegatingMethodAccessorImpl.invoke(DelegatingMethodAccessorImpl.java:43)
	at java.lang.reflect.Method.invoke(Method.java:498)
	at org.springframework.boot.devtools.restart.RestartLauncher.run(RestartLauncher.java:49)

2020-03-16 21:51:00.130  INFO 24968 --- [restartedMain] com.lyj.blog.BlogApplication             : Starting BlogApplication on DESKTOP-ES8TTIK with PID 24968 (D:\factory-works\factory-workspace\springboot-lingxiblog\target\classes started by 96971 in D:\factory-works\factory-workspace\springboot-lingxiblog)
2020-03-16 21:51:00.137 DEBUG 24968 --- [restartedMain] com.lyj.blog.BlogApplication             : Running with Spring Boot v2.2.5.RELEASE, Spring v5.2.4.RELEASE
2020-03-16 21:51:00.138  INFO 24968 --- [restartedMain] com.lyj.blog.BlogApplication             : The following profiles are active: dev
2020-03-16 21:51:00.230  INFO 24968 --- [restartedMain] o.s.b.devtools.restart.ChangeableUrls    : The Class-Path manifest attribute in D:\reposi\org\glassfish\jaxb\jaxb-runtime\2.3.2\jaxb-runtime-2.3.2.jar referenced one or more files that do not exist: file:/D:/reposi/org/glassfish/jaxb/jaxb-runtime/2.3.2/jakarta.xml.bind-api-2.3.2.jar,file:/D:/reposi/org/glassfish/jaxb/jaxb-runtime/2.3.2/txw2-2.3.2.jar,file:/D:/reposi/org/glassfish/jaxb/jaxb-runtime/2.3.2/istack-commons-runtime-3.0.8.jar,file:/D:/reposi/org/glassfish/jaxb/jaxb-runtime/2.3.2/stax-ex-1.8.1.jar,file:/D:/reposi/org/glassfish/jaxb/jaxb-runtime/2.3.2/FastInfoset-1.2.16.jar,file:/D:/reposi/org/glassfish/jaxb/jaxb-runtime/2.3.2/jakarta.activation-api-1.2.1.jar
2020-03-16 21:51:00.231  INFO 24968 --- [restartedMain] .e.DevToolsPropertyDefaultsPostProcessor : Devtools property defaults active! Set 'spring.devtools.add-properties' to 'false' to disable
2020-03-16 21:51:00.231  INFO 24968 --- [restartedMain] .e.DevToolsPropertyDefaultsPostProcessor : For additional web related logging consider setting the 'logging.level.web' property to 'DEBUG'
2020-03-16 21:51:01.242  INFO 24968 --- [restartedMain] .s.d.r.c.RepositoryConfigurationDelegate : Bootstrapping Spring Data JPA repositories in DEFAULT mode.
2020-03-16 21:51:01.265  INFO 24968 --- [restartedMain] .s.d.r.c.RepositoryConfigurationDelegate : Finished Spring Data repository scanning in 8ms. Found 0 JPA repository interfaces.
2020-03-16 21:51:01.491  WARN 24968 --- [restartedMain] o.m.s.mapper.ClassPathMapperScanner      : No MyBatis mapper was found in '[com.lyj.blog]' package. Please check your configuration.
2020-03-16 21:51:02.308  INFO 24968 --- [restartedMain] o.s.b.w.embedded.tomcat.TomcatWebServer  : Tomcat initialized with port(s): 8080 (http)
2020-03-16 21:51:02.322  INFO 24968 --- [restartedMain] o.apache.catalina.core.StandardService   : Starting service [Tomcat]
2020-03-16 21:51:02.323  INFO 24968 --- [restartedMain] org.apache.catalina.core.StandardEngine  : Starting Servlet engine: [Apache Tomcat/9.0.31]
2020-03-16 21:51:02.508  INFO 24968 --- [restartedMain] o.a.c.c.C.[Tomcat].[localhost].[/]       : Initializing Spring embedded WebApplicationContext
2020-03-16 21:51:02.509  INFO 24968 --- [restartedMain] o.s.web.context.ContextLoader            : Root WebApplicationContext: initialization completed in 2278 ms
2020-03-16 21:51:02.740  INFO 24968 --- [restartedMain] o.hibernate.jpa.internal.util.LogHelper  : HHH000204: Processing PersistenceUnitInfo [name: default]
2020-03-16 21:51:02.944  INFO 24968 --- [restartedMain] org.hibernate.Version                    : HHH000412: Hibernate ORM core version 5.4.12.Final
2020-03-16 21:51:03.157  INFO 24968 --- [restartedMain] o.hibernate.annotations.common.Version   : HCANN000001: Hibernate Commons Annotations {5.1.0.Final}
2020-03-16 21:51:03.327  INFO 24968 --- [restartedMain] com.zaxxer.hikari.HikariDataSource       : HikariPool-1 - Starting...
2020-03-16 21:51:03.552  INFO 24968 --- [restartedMain] com.zaxxer.hikari.HikariDataSource       : HikariPool-1 - Start completed.
2020-03-16 21:51:03.584  INFO 24968 --- [restartedMain] org.hibernate.dialect.Dialect            : HHH000400: Using dialect: org.hibernate.dialect.MySQL57Dialect
2020-03-16 21:51:03.929  INFO 24968 --- [restartedMain] o.h.e.t.j.p.i.JtaPlatformInitiator       : HHH000490: Using JtaPlatform implementation: [org.hibernate.engine.transaction.jta.platform.internal.NoJtaPlatform]
2020-03-16 21:51:03.942  INFO 24968 --- [restartedMain] j.LocalContainerEntityManagerFactoryBean : Initialized JPA EntityManagerFactory for persistence unit 'default'
2020-03-16 21:51:03.966  INFO 24968 --- [restartedMain] o.s.b.d.a.OptionalLiveReloadServer       : LiveReload server is running on port 35729
2020-03-16 21:51:04.049  WARN 24968 --- [restartedMain] JpaBaseConfiguration$JpaWebConfiguration : spring.jpa.open-in-view is enabled by default. Therefore, database queries may be performed during view rendering. Explicitly configure spring.jpa.open-in-view to disable this warning
2020-03-16 21:51:04.262  INFO 24968 --- [restartedMain] o.s.s.concurrent.ThreadPoolTaskExecutor  : Initializing ExecutorService 'applicationTaskExecutor'
2020-03-16 21:51:04.437  WARN 24968 --- [restartedMain] ion$DefaultTemplateResolverConfiguration : Cannot find template location: classpath:/templates/ (please add some templates or check your Thymeleaf configuration)
2020-03-16 21:51:04.707  INFO 24968 --- [restartedMain] o.s.b.w.embedded.tomcat.TomcatWebServer  : Tomcat started on port(s): 8080 (http) with context path ''
2020-03-16 21:51:04.713  INFO 24968 --- [restartedMain] com.lyj.blog.BlogApplication             : Started BlogApplication in 6.125 seconds (JVM running for 14.522)
2020-03-16 21:58:24.932  INFO 12960 --- [restartedMain] com.lyj.blog.BlogApplication             : Starting BlogApplication on DESKTOP-ES8TTIK with PID 12960 (D:\factory-works\factory-workspace\springboot-lingxiblog\target\classes started by 96971 in D:\factory-works\factory-workspace\springboot-lingxiblog)
2020-03-16 21:58:24.936  INFO 12960 --- [restartedMain] com.lyj.blog.BlogApplication             : The following profiles are active: prod
2020-03-16 21:58:26.026  WARN 12960 --- [restartedMain] o.m.s.mapper.ClassPathMapperScanner      : No MyBatis mapper was found in '[com.lyj.blog]' package. Please check your configuration.
2020-03-16 21:58:28.026  WARN 12960 --- [restartedMain] JpaBaseConfiguration$JpaWebConfiguration : spring.jpa.open-in-view is enabled by default. Therefore, database queries may be performed during view rendering. Explicitly configure spring.jpa.open-in-view to disable this warning
2020-03-16 21:58:28.353  WARN 12960 --- [restartedMain] ion$DefaultTemplateResolverConfiguration : Cannot find template location: classpath:/templates/ (please add some templates or check your Thymeleaf configuration)
2020-03-16 21:58:28.589  INFO 12960 --- [restartedMain] com.lyj.blog.BlogApplication             : Started BlogApplication in 4.884 seconds (JVM running for 12.354)
